<?xml version="1.0" encoding="UTF-8"?>
<robot generator="Robot 3.0 (Jython 2.7.0 on java1.8.0_60)" generated="20160914 23:34:11.968">
<suite source="C:\Users\Connor\Desktop\Software 1\Tic_Tac_Toe\src\test\acceptancetest" name="Acceptancetest" id="s1">
<suite source="C:\Users\Connor\Desktop\Software 1\Tic_Tac_Toe\src\test\acceptancetest\TicTacToeGUIKeywords.robot" name="TicTacToeGUIKeywords" id="s1-s1">
<test name="Win Diagonally as X" id="s1-s1-t1">
<kw name="Start New Game">
<kw library="SwingLibrary" name="Start Application">
<doc>Alias for `Launch Application` keyword</doc>
<arguments>
<arg>edu.jsu.mcis.TicTacToe</arg>
</arguments>
<status endtime="20160914 23:34:15.903" starttime="20160914 23:34:15.434" status="PASS"></status>
</kw>
<kw library="SwingLibrary" name="Select Window">
<doc>Selects a window as current context and sets focus to it.</doc>
<arguments>
<arg>Tic Tac Toe</arg>
</arguments>
<status endtime="20160914 23:34:16.371" starttime="20160914 23:34:15.918" status="PASS"></status>
</kw>
<status endtime="20160914 23:34:16.387" starttime="20160914 23:34:15.418" status="PASS"></status>
</kw>
<kw name="Mark Location">
<arguments>
<arg>1</arg>
<arg>1</arg>
</arguments>
<kw library="BuiltIn" name="Catenate">
<doc>Catenates the given items together and returns the resulted string.</doc>
<arguments>
<arg>SEPARATOR=</arg>
<arg>Location</arg>
<arg>${row}</arg>
<arg>${col}</arg>
</arguments>
<assign>
<var>${component}</var>
</assign>
<msg level="INFO" timestamp="20160914 23:34:16.481">${component} = Location11</msg>
<status endtime="20160914 23:34:16.496" starttime="20160914 23:34:16.418" status="PASS"></status>
</kw>
<kw library="SwingLibrary" name="Click On Component">
<doc>Clicks on a component.</doc>
<arguments>
<arg>${component}</arg>
</arguments>
<msg level="FAIL" timestamp="20160914 23:34:26.762">Wait for "Location11" subcomponent to be displayed</msg>
<status endtime="20160914 23:34:26.777" starttime="20160914 23:34:16.496" status="FAIL"></status>
</kw>
<status endtime="20160914 23:34:26.793" starttime="20160914 23:34:16.403" status="FAIL"></status>
</kw>
<status critical="yes" endtime="20160914 23:34:26.809" starttime="20160914 23:34:15.387" status="FAIL">Wait for "Location11" subcomponent to be displayed</status>
</test>
<test name="Win Horizontally as O" id="s1-s1-t2">
<kw name="Start New Game">
<kw library="SwingLibrary" name="Start Application">
<doc>Alias for `Launch Application` keyword</doc>
<arguments>
<arg>edu.jsu.mcis.TicTacToe</arg>
</arguments>
<status endtime="20160914 23:34:26.934" starttime="20160914 23:34:26.871" status="PASS"></status>
</kw>
<kw library="SwingLibrary" name="Select Window">
<doc>Selects a window as current context and sets focus to it.</doc>
<arguments>
<arg>Tic Tac Toe</arg>
</arguments>
<status endtime="20160914 23:34:27.184" starttime="20160914 23:34:26.949" status="PASS"></status>
</kw>
<status endtime="20160914 23:34:27.199" starttime="20160914 23:34:26.871" status="PASS"></status>
</kw>
<kw name="Mark Location">
<arguments>
<arg>1</arg>
<arg>1</arg>
</arguments>
<kw library="BuiltIn" name="Catenate">
<doc>Catenates the given items together and returns the resulted string.</doc>
<arguments>
<arg>SEPARATOR=</arg>
<arg>Location</arg>
<arg>${row}</arg>
<arg>${col}</arg>
</arguments>
<assign>
<var>${component}</var>
</assign>
<msg level="INFO" timestamp="20160914 23:34:27.355">${component} = Location11</msg>
<status endtime="20160914 23:34:27.355" starttime="20160914 23:34:27.246" status="PASS"></status>
</kw>
<kw library="SwingLibrary" name="Click On Component">
<doc>Clicks on a component.</doc>
<arguments>
<arg>${component}</arg>
</arguments>
<msg level="FAIL" timestamp="20160914 23:34:37.431">Wait for "Location11" subcomponent to be displayed</msg>
<status endtime="20160914 23:34:37.431" starttime="20160914 23:34:27.355" status="FAIL"></status>
</kw>
<status endtime="20160914 23:34:37.447" starttime="20160914 23:34:27.215" status="FAIL"></status>
</kw>
<status critical="yes" endtime="20160914 23:34:37.447" starttime="20160914 23:34:26.840" status="FAIL">Wait for "Location11" subcomponent to be displayed</status>
</test>
<test name="Force a Tie" id="s1-s1-t3">
<kw name="Start New Game">
<kw library="SwingLibrary" name="Start Application">
<doc>Alias for `Launch Application` keyword</doc>
<arguments>
<arg>edu.jsu.mcis.TicTacToe</arg>
</arguments>
<status endtime="20160914 23:34:37.525" starttime="20160914 23:34:37.494" status="PASS"></status>
</kw>
<kw library="SwingLibrary" name="Select Window">
<doc>Selects a window as current context and sets focus to it.</doc>
<arguments>
<arg>Tic Tac Toe</arg>
</arguments>
<status endtime="20160914 23:34:37.587" starttime="20160914 23:34:37.541" status="PASS"></status>
</kw>
<status endtime="20160914 23:34:37.603" starttime="20160914 23:34:37.494" status="PASS"></status>
</kw>
<kw name="Mark Location">
<arguments>
<arg>1</arg>
<arg>1</arg>
</arguments>
<kw library="BuiltIn" name="Catenate">
<doc>Catenates the given items together and returns the resulted string.</doc>
<arguments>
<arg>SEPARATOR=</arg>
<arg>Location</arg>
<arg>${row}</arg>
<arg>${col}</arg>
</arguments>
<assign>
<var>${component}</var>
</assign>
<msg level="INFO" timestamp="20160914 23:34:37.650">${component} = Location11</msg>
<status endtime="20160914 23:34:37.650" starttime="20160914 23:34:37.634" status="PASS"></status>
</kw>
<kw library="SwingLibrary" name="Click On Component">
<doc>Clicks on a component.</doc>
<arguments>
<arg>${component}</arg>
</arguments>
